---------------------------------------------------------------
TxId	Txtype	Operation	ObId:Obvalue:optime	LockType	Status		TxStatus
T1	R 	BeginTx
T2	R 	BeginTx
T1	  	ReadTx 	 1:-1:277  	 ReadLock 	 Granted 	P
T2	  	ReadTx 	 1:-2:235  	 ReadLock 	 Granted 	P
T3	W 	BeginTx

T1	  	CommitTx 	 
T2	  	ReadTx 	 2:-1:235  	 ReadLock 	 Granted 	P

T2	  	CommitTx 	 
T3	  	ReadTx 	 2:-2:456  	 ReadLock 	 Granted 	P
T3	  	ReadTx 	 3:-1:456  	 ReadLock 	 Granted 	P
T3	  	ReadTx 	 4:-1:456  	 ReadLock 	 Granted 	P

T3	  	CommitTx 	 
---------------------------------------------------------------
TxId	Txtype	Operation	ObId:Obvalue:optime	LockType	Status		TxStatus
T1	R 	BeginTx
T1	  	ReadTx 	 1:-1:277  	 ReadLock 	 Granted 	P
T2	R 	BeginTx
T2	  	ReadTx 	 1:-2:235  	 ReadLock 	 Granted 	P

T1	  	CommitTx 	 
T2	  	ReadTx 	 2:-1:235  	 ReadLock 	 Granted 	P
T3	W 	BeginTx

T2	  	CommitTx 	 
T3	  	ReadTx 	 2:-2:456  	 ReadLock 	 Granted 	P
T3	  	ReadTx 	 3:-1:456  	 ReadLock 	 Granted 	P
T3	  	ReadTx 	 4:-1:456  	 ReadLock 	 Granted 	P

T3	  	CommitTx 	 
---------------------------------------------------------------
TxId	Txtype	Operation	ObId:Obvalue:optime	LockType	Status		TxStatus
T1	R 	BeginTx
T2	R 	BeginTx
T1	  	ReadTx 	 1:-1:277  	 ReadLock 	 Granted 	P
T2	  	ReadTx 	 1:-2:235  	 ReadLock 	 Granted 	P

T1	  	CommitTx 	 
T2	  	ReadTx 	 2:-1:235  	 ReadLock 	 Granted 	P
T3	W 	BeginTx

T2	  	CommitTx 	 
T3	  	ReadTx 	 2:-2:456  	 ReadLock 	 Granted 	P
T3	  	ReadTx 	 3:-1:456  	 ReadLock 	 Granted 	P
T3	  	ReadTx 	 4:-1:456  	 ReadLock 	 Granted 	P

T3	  	CommitTx 	 
---------------------------------------------------------------
TxId	Txtype	Operation	ObId:Obvalue:optime	LockType	Status		TxStatus
T1	R 	BeginTx
T1	  	ReadTx 	 1:-1:277  	 ReadLock 	 Granted 	P

T1	  	CommitTx 	 
T3	W 	BeginTx
T3	  	ReadTx 	 2:-1:456  	 ReadLock 	 Granted 	P
T2	R 	BeginTx
T3	  	ReadTx 	 3:-1:456  	 ReadLock 	 Granted 	P
T2	  	ReadTx 	 1:-2:235  	 ReadLock 	 Granted 	P
T3	  	ReadTx 	 4:-1:456  	 ReadLock 	 Granted 	P

T3	  	CommitTx 	 
T2	  	ReadTx 	 2:-2:235  	 ReadLock 	 Granted 	P

T2	  	CommitTx 	 
---------------------------------------------------------------
TxId	Txtype	Operation	ObId:Obvalue:optime	LockType	Status		TxStatus
T1	R 	BeginTx
T1	  	ReadTx 	 1:-1:277  	 ReadLock 	 Granted 	P
T2	R 	BeginTx
T2	  	ReadTx 	 1:-2:235  	 ReadLock 	 Granted 	P
T3	W 	BeginTx

T1	  	CommitTx 	 
T2	  	ReadTx 	 2:-1:235  	 ReadLock 	 Granted 	P

T2	  	CommitTx 	 
T3	  	ReadTx 	 2:-2:456  	 ReadLock 	 Granted 	P
T3	  	ReadTx 	 3:-1:456  	 ReadLock 	 Granted 	P
T3	  	ReadTx 	 4:-1:456  	 ReadLock 	 Granted 	P

T3	  	CommitTx 	 
---------------------------------------------------------------
TxId	Txtype	Operation	ObId:Obvalue:optime	LockType	Status		TxStatus
T1	R 	BeginTx
T1	  	ReadTx 	 1:-1:277  	 ReadLock 	 Granted 	P
T2	R 	BeginTx
T2	  	ReadTx 	 1:-2:235  	 ReadLock 	 Granted 	P

T1	  	CommitTx 	 
T2	  	ReadTx 	 2:-1:235  	 ReadLock 	 Granted 	P
T3	W 	BeginTx

T2	  	CommitTx 	 
T3	  	ReadTx 	 2:-2:456  	 ReadLock 	 Granted 	P
T3	  	ReadTx 	 3:-1:456  	 ReadLock 	 Granted 	P
T3	  	ReadTx 	 4:-1:456  	 ReadLock 	 Granted 	P

T3	  	CommitTx 	 
---------------------------------------------------------------
TxId	Txtype	Operation	ObId:Obvalue:optime	LockType	Status		TxStatus
T2	R 	BeginTx
T1	R 	BeginTx
T3	W 	BeginTx
T1	  	ReadTx 	 1:-1:277  	 ReadLock 	 Granted 	P
T2	  	ReadTx 	 1:-2:235  	 ReadLock 	 Granted 	P

T1	  	CommitTx 	 
T3	  	ReadTx 	 2:-1:456  	 ReadLock 	 Granted 	P
T3	  	ReadTx 	 3:-1:456  	 ReadLock 	 Granted 	P
T3	  	ReadTx 	 4:-1:456  	 ReadLock 	 Granted 	P

T3	  	CommitTx 	 
T2	  	ReadTx 	 2:-2:235  	 ReadLock 	 Granted 	P

T2	  	CommitTx 	 
---------------------------------------------------------------
TxId	Txtype	Operation	ObId:Obvalue:optime	LockType	Status		TxStatus
T2	R 	BeginTx
T1	  	ReadTx 	 1:-1:277  	 ReadLock 	 Granted 	P

T1	  	CommitTx 	 
T3	W 	BeginTx
T2	  	ReadTx 	 1:-2:235  	 ReadLock 	 Granted 	P
T3	  	ReadTx 	 2:-1:456  	 ReadLock 	 Granted 	P
T3	  	ReadTx 	 3:-1:456  	 ReadLock 	 Granted 	P
T3	  	ReadTx 	 4:-1:456  	 ReadLock 	 Granted 	P

T3	  	CommitTx 	 
T2	  	ReadTx 	 2:-2:235  	 ReadLock 	 Granted 	P

T2	  	CommitTx 	 
T1	R 	BeginTx
---------------------------------------------------------------
TxId	Txtype	Operation	ObId:Obvalue:optime	LockType	Status		TxStatus
T1	R 	BeginTx
T1	  	ReadTx 	 1:-1:277  	 ReadLock 	 Granted 	P
T2	R 	BeginTx
T2	  	ReadTx 	 1:-2:235  	 ReadLock 	 Granted 	P

T1	  	CommitTx 	 
T2	  	ReadTx 	 2:-1:235  	 ReadLock 	 Granted 	P
T3	W 	BeginTx

T2	  	CommitTx 	 
T3	  	ReadTx 	 2:-2:456  	 ReadLock 	 Granted 	P
T3	  	ReadTx 	 3:-1:456  	 ReadLock 	 Granted 	P
T3	  	ReadTx 	 4:-1:456  	 ReadLock 	 Granted 	P

T3	  	CommitTx 	 
---------------------------------------------------------------
TxId	Txtype	Operation	ObId:Obvalue:optime	LockType	Status		TxStatus
T1	R 	BeginTx
T2	R 	BeginTx
T1	  	ReadTx 	 1:-1:277  	 ReadLock 	 Granted 	P
T2	  	ReadTx 	 1:-2:235  	 ReadLock 	 Granted 	P

T1	  	CommitTx 	 
T2	  	ReadTx 	 2:-1:235  	 ReadLock 	 Granted 	P
T3	W 	BeginTx

T2	  	CommitTx 	 
T3	  	ReadTx 	 2:-2:456  	 ReadLock 	 Granted 	P
T3	  	ReadTx 	 3:-1:456  	 ReadLock 	 Granted 	P
T3	  	ReadTx 	 4:-1:456  	 ReadLock 	 Granted 	P

T3	  	CommitTx 	 
---------------------------------------------------------------
TxId	Txtype	Operation	ObId:Obvalue:optime	LockType	Status		TxStatus
T1	R 	BeginTx
T1	  	ReadTx 	 1:-1:277  	 ReadLock 	 Granted 	P
T2	R 	BeginTx
T2	  	ReadTx 	 1:-2:235  	 ReadLock 	 Granted 	P

T1	  	CommitTx 	 
T2	  	ReadTx 	 2:-1:235  	 ReadLock 	 Granted 	P
T3	W 	BeginTx

T2	  	CommitTx 	 
T3	  	ReadTx 	 2:-2:456  	 ReadLock 	 Granted 	P
T3	  	ReadTx 	 3:-1:456  	 ReadLock 	 Granted 	P
T3	  	ReadTx 	 4:-1:456  	 ReadLock 	 Granted 	P

T3	  	CommitTx 	 
---------------------------------------------------------------
TxId	Txtype	Operation	ObId:Obvalue:optime	LockType	Status		TxStatus
T1	R 	BeginTx
T3	W 	BeginTx
T2	R 	BeginTx
T1	  	ReadTx 	 1:-1:277  	 ReadLock 	 Granted 	P

T1	  	CommitTx 	 
T2	  	ReadTx 	 1:-2:235  	 ReadLock 	 Granted 	P
T3	  	ReadTx 	 2:-1:456  	 ReadLock 	 Granted 	P
T3	  	ReadTx 	 3:-1:456  	 ReadLock 	 Granted 	P
T3	  	ReadTx 	 4:-1:456  	 ReadLock 	 Granted 	P

T3	  	CommitTx 	 
T2	  	ReadTx 	 2:-2:235  	 ReadLock 	 Granted 	P

T2	  	CommitTx 	 
---------------------------------------------------------------
TxId	Txtype	Operation	ObId:Obvalue:optime	LockType	Status		TxStatus
T1	R 	BeginTx
T1	  	ReadTx 	 1:-1:277  	 ReadLock 	 Granted 	P
T2	R 	BeginTx
T2	  	ReadTx 	 1:-2:235  	 ReadLock 	 Granted 	P

T1	  	CommitTx 	 
T2	  	ReadTx 	 2:-1:235  	 ReadLock 	 Granted 	P
T3	W 	BeginTx

T2	  	CommitTx 	 
T3	  	ReadTx 	 2:-2:456  	 ReadLock 	 Granted 	P
T3	  	ReadTx 	 3:-1:456  	 ReadLock 	 Granted 	P
T3	  	ReadTx 	 4:-1:456  	 ReadLock 	 Granted 	P

T3	  	CommitTx 	 
---------------------------------------------------------------
TxId	Txtype	Operation	ObId:Obvalue:optime	LockType	Status		TxStatus
T1	R 	BeginTx
T1	  	ReadTx 	 1:-1:277  	 ReadLock 	 Granted 	P
T2	R 	BeginTx
T2	  	ReadTx 	 1:-2:235  	 ReadLock 	 Granted 	P

T1	  	CommitTx 	 
T2	  	ReadTx 	 2:-1:235  	 ReadLock 	 Granted 	P
T3	W 	BeginTx

T2	  	CommitTx 	 
T3	  	ReadTx 	 2:-2:456  	 ReadLock 	 Granted 	P
T3	  	ReadTx 	 3:-1:456  	 ReadLock 	 Granted 	P
T3	  	ReadTx 	 4:-1:456  	 ReadLock 	 Granted 	P

T3	  	CommitTx 	 
---------------------------------------------------------------
TxId	Txtype	Operation	ObId:Obvalue:optime	LockType	Status		TxStatus
T1	R 	BeginTx
T1	  	ReadTx 	 1:-1:277  	 ReadLock 	 Granted 	P
T2	R 	BeginTx

T1	  	CommitTx 	 
T2	  	ReadTx 	 1:-2:235  	 ReadLock 	 Granted 	P
T2	  	ReadTx 	 2:-1:235  	 ReadLock 	 Granted 	P
T3	W 	BeginTx

T2	  	CommitTx 	 
T3	  	ReadTx 	 2:-2:456  	 ReadLock 	 Granted 	P
T3	  	ReadTx 	 3:-1:456  	 ReadLock 	 Granted 	P
T3	  	ReadTx 	 4:-1:456  	 ReadLock 	 Granted 	P

T3	  	CommitTx 	 
---------------------------------------------------------------
TxId	Txtype	Operation	ObId:Obvalue:optime	LockType	Status		TxStatus
T1	R 	BeginTx
T1	  	ReadTx 	 1:-1:277  	 ReadLock 	 Granted 	P
T2	R 	BeginTx
T2	  	ReadTx 	 1:-2:235  	 ReadLock 	 Granted 	P
T3	W 	BeginTx

T1	  	CommitTx 	 
T2	  	ReadTx 	 2:-1:235  	 ReadLock 	 Granted 	P

T2	  	CommitTx 	 
T3	  	ReadTx 	 2:-2:456  	 ReadLock 	 Granted 	P
T3	  	ReadTx 	 3:-1:456  	 ReadLock 	 Granted 	P
T3	  	ReadTx 	 4:-1:456  	 ReadLock 	 Granted 	P

T3	  	CommitTx 	 
---------------------------------------------------------------
TxId	Txtype	Operation	ObId:Obvalue:optime	LockType	Status		TxStatus
T1	R 	BeginTx
T1	  	ReadTx 	 1:-1:277  	 ReadLock 	 Granted 	P
T2	R 	BeginTx
T2	  	ReadTx 	 1:-2:235  	 ReadLock 	 Granted 	P

T1	  	CommitTx 	 
T2	  	ReadTx 	 2:-1:235  	 ReadLock 	 Granted 	P
T3	W 	BeginTx

T2	  	CommitTx 	 
T3	  	ReadTx 	 2:-2:456  	 ReadLock 	 Granted 	P
T3	  	ReadTx 	 3:-1:456  	 ReadLock 	 Granted 	P
T3	  	ReadTx 	 4:-1:456  	 ReadLock 	 Granted 	P

T3	  	CommitTx 	 
---------------------------------------------------------------
TxId	Txtype	Operation	ObId:Obvalue:optime	LockType	Status		TxStatus
T1	R 	BeginTx
T1	  	ReadTx 	 1:-1:277  	 ReadLock 	 Granted 	P
T2	R 	BeginTx
T2	  	ReadTx 	 1:-2:235  	 ReadLock 	 Granted 	P

T1	  	CommitTx 	 
T2	  	ReadTx 	 2:-1:235  	 ReadLock 	 Granted 	P
T3	W 	BeginTx

T2	  	CommitTx 	 
T3	  	ReadTx 	 2:-2:456  	 ReadLock 	 Granted 	P
T3	  	ReadTx 	 3:-1:456  	 ReadLock 	 Granted 	P
T3	  	ReadTx 	 4:-1:456  	 ReadLock 	 Granted 	P

T3	  	CommitTx 	 
---------------------------------------------------------------
TxId	Txtype	Operation	ObId:Obvalue:optime	LockType	Status		TxStatus
T1	R 	BeginTx
T1	  	ReadTx 	 1:-1:277  	 ReadLock 	 Granted 	P
T2	R 	BeginTx
T2	  	ReadTx 	 1:-2:235  	 ReadLock 	 Granted 	P

T1	  	CommitTx 	 
T2	  	ReadTx 	 2:-1:235  	 ReadLock 	 Granted 	P
T3	W 	BeginTx

T2	  	CommitTx 	 
T3	  	ReadTx 	 2:-2:456  	 ReadLock 	 Granted 	P
T3	  	ReadTx 	 3:-1:456  	 ReadLock 	 Granted 	P
T3	  	ReadTx 	 4:-1:456  	 ReadLock 	 Granted 	P

T3	  	CommitTx 	 
---------------------------------------------------------------
TxId	Txtype	Operation	ObId:Obvalue:optime	LockType	Status		TxStatus
T1	R 	BeginTx
T1	  	ReadTx 	 1:-1:277  	 ReadLock 	 Granted 	P
T2	R 	BeginTx

T1	  	CommitTx 	 
T2	  	ReadTx 	 1:-2:235  	 ReadLock 	 Granted 	P
T2	  	ReadTx 	 2:-1:235  	 ReadLock 	 Granted 	P
T3	W 	BeginTx

T2	  	CommitTx 	 
T3	  	ReadTx 	 2:-2:456  	 ReadLock 	 Granted 	P
T3	  	ReadTx 	 3:-1:456  	 ReadLock 	 Granted 	P
T3	  	ReadTx 	 4:-1:456  	 ReadLock 	 Granted 	P

T3	  	CommitTx 	 
---------------------------------------------------------------
TxId	Txtype	Operation	ObId:Obvalue:optime	LockType	Status		TxStatus
T1	R 	BeginTx
T1	  	ReadTx 	 1:-1:277  	 ReadLock 	 Granted 	P
T2	R 	BeginTx
T2	  	ReadTx 	 1:-2:235  	 ReadLock 	 Granted 	P

T1	  	CommitTx 	 
T2	  	ReadTx 	 2:-1:235  	 ReadLock 	 Granted 	P
T3	W 	BeginTx

T2	  	CommitTx 	 
T3	  	ReadTx 	 2:-2:456  	 ReadLock 	 Granted 	P
T3	  	ReadTx 	 3:-1:456  	 ReadLock 	 Granted 	P
T3	  	ReadTx 	 4:-1:456  	 ReadLock 	 Granted 	P

T3	  	CommitTx 	 
---------------------------------------------------------------
TxId	Txtype	Operation	ObId:Obvalue:optime	LockType	Status		TxStatus
T1	R 	BeginTx
T1	  	ReadTx 	 1:-1:277  	 ReadLock 	 Granted 	P
T2	R 	BeginTx
T2	  	ReadTx 	 1:-2:235  	 ReadLock 	 Granted 	P

T1	  	CommitTx 	 
T2	  	ReadTx 	 2:-1:235  	 ReadLock 	 Granted 	P
T3	W 	BeginTx

T2	  	CommitTx 	 
T3	  	ReadTx 	 2:-2:456  	 ReadLock 	 Granted 	P
T3	  	ReadTx 	 3:-1:456  	 ReadLock 	 Granted 	P
T3	  	ReadTx 	 4:-1:456  	 ReadLock 	 Granted 	P

T3	  	CommitTx 	 
---------------------------------------------------------------
TxId	Txtype	Operation	ObId:Obvalue:optime	LockType	Status		TxStatus
T1	R 	BeginTx
T1	  	ReadTx 	 1:-1:277  	 ReadLock 	 Granted 	P
T2	R 	BeginTx
T2	  	ReadTx 	 1:-2:235  	 ReadLock 	 Granted 	P
T3	W 	BeginTx

T1	  	CommitTx 	 
T2	  	ReadTx 	 2:-1:235  	 ReadLock 	 Granted 	P

T2	  	CommitTx 	 
T3	  	ReadTx 	 2:-2:456  	 ReadLock 	 Granted 	P
T3	  	ReadTx 	 3:-1:456  	 ReadLock 	 Granted 	P
T3	  	ReadTx 	 4:-1:456  	 ReadLock 	 Granted 	P

T3	  	CommitTx 	 
---------------------------------------------------------------
TxId	Txtype	Operation	ObId:Obvalue:optime	LockType	Status		TxStatus
T2	R 	BeginTx
T3	W 	BeginTx
T1	  	ReadTx 	 1:-1:277  	 ReadLock 	 Granted 	P
T2	  	ReadTx 	 1:-2:235  	 ReadLock 	 Granted 	P

T1	  	CommitTx 	 
T2	  	ReadTx 	 2:-1:235  	 ReadLock 	 Granted 	P

T2	  	CommitTx 	 
T3	  	ReadTx 	 2:-2:456  	 ReadLock 	 Granted 	P
T3	  	ReadTx 	 3:-1:456  	 ReadLock 	 Granted 	P
T3	  	ReadTx 	 4:-1:456  	 ReadLock 	 Granted 	P

T3	  	CommitTx 	 
T1	R 	BeginTx
---------------------------------------------------------------
TxId	Txtype	Operation	ObId:Obvalue:optime	LockType	Status		TxStatus
T1	R 	BeginTx
T3	W 	BeginTx
T2	R 	BeginTx
T1	  	ReadTx 	 1:-1:277  	 ReadLock 	 Granted 	P

T1	  	CommitTx 	 
T2	  	ReadTx 	 1:-2:235  	 ReadLock 	 Granted 	P
T3	  	ReadTx 	 2:-1:456  	 ReadLock 	 Granted 	P
T3	  	ReadTx 	 3:-1:456  	 ReadLock 	 Granted 	P
T3	  	ReadTx 	 4:-1:456  	 ReadLock 	 Granted 	P

T3	  	CommitTx 	 
T2	  	ReadTx 	 2:-2:235  	 ReadLock 	 Granted 	P

T2	  	CommitTx 	 
---------------------------------------------------------------
TxId	Txtype	Operation	ObId:Obvalue:optime	LockType	Status		TxStatus
T1	R 	BeginTx
T1	  	ReadTx 	 1:-1:277  	 ReadLock 	 Granted 	P
T2	R 	BeginTx
T2	  	ReadTx 	 1:-2:235  	 ReadLock 	 Granted 	P

T1	  	CommitTx 	 
T2	  	ReadTx 	 2:-1:235  	 ReadLock 	 Granted 	P
T3	W 	BeginTx

T2	  	CommitTx 	 
T3	  	ReadTx 	 2:-2:456  	 ReadLock 	 Granted 	P
T3	  	ReadTx 	 3:-1:456  	 ReadLock 	 Granted 	P
T3	  	ReadTx 	 4:-1:456  	 ReadLock 	 Granted 	P

T3	  	CommitTx 	 
---------------------------------------------------------------
TxId	Txtype	Operation	ObId:Obvalue:optime	LockType	Status		TxStatus
T1	R 	BeginTx
T1	  	ReadTx 	 1:-1:277  	 ReadLock 	 Granted 	P
T2	R 	BeginTx
T2	  	ReadTx 	 1:-2:235  	 ReadLock 	 Granted 	P

T1	  	CommitTx 	 
T2	  	ReadTx 	 2:-1:235  	 ReadLock 	 Granted 	P
T3	W 	BeginTx

T2	  	CommitTx 	 
T3	  	ReadTx 	 2:-2:456  	 ReadLock 	 Granted 	P
T3	  	ReadTx 	 3:-1:456  	 ReadLock 	 Granted 	P
T3	  	ReadTx 	 4:-1:456  	 ReadLock 	 Granted 	P

T3	  	CommitTx 	 
---------------------------------------------------------------
TxId	Txtype	Operation	ObId:Obvalue:optime	LockType	Status		TxStatus
T1	R 	BeginTx
T2	R 	BeginTx
T1	  	ReadTx 	 1:-1:277  	 ReadLock 	 Granted 	P
T3	W 	BeginTx
T2	  	ReadTx 	 1:-2:235  	 ReadLock 	 Granted 	P

T1	  	CommitTx 	 
T2	  	ReadTx 	 2:-1:235  	 ReadLock 	 Granted 	P

T2	  	CommitTx 	 
T3	  	ReadTx 	 2:-2:456  	 ReadLock 	 Granted 	P
T3	  	ReadTx 	 3:-1:456  	 ReadLock 	 Granted 	P
T3	  	ReadTx 	 4:-1:456  	 ReadLock 	 Granted 	P

T3	  	CommitTx 	 
---------------------------------------------------------------
TxId	Txtype	Operation	ObId:Obvalue:optime	LockType	Status		TxStatus
T1	R 	BeginTx
T1	  	ReadTx 	 1:-1:277  	 ReadLock 	 Granted 	P
T2	R 	BeginTx
T2	  	ReadTx 	 1:-2:235  	 ReadLock 	 Granted 	P

T1	  	CommitTx 	 
T2	  	ReadTx 	 2:-1:235  	 ReadLock 	 Granted 	P
T3	W 	BeginTx

T2	  	CommitTx 	 
T3	  	ReadTx 	 2:-2:456  	 ReadLock 	 Granted 	P
T3	  	ReadTx 	 3:-1:456  	 ReadLock 	 Granted 	P
T3	  	ReadTx 	 4:-1:456  	 ReadLock 	 Granted 	P

T3	  	CommitTx 	 
---------------------------------------------------------------
TxId	Txtype	Operation	ObId:Obvalue:optime	LockType	Status		TxStatus
T2	R 	BeginTx
T3	W 	BeginTx
T2	  	ReadTx 	 1:-1:235  	 ReadLock 	 Granted 	P
T1	  	ReadTx 	 1:-2:277  	 ReadLock 	 Granted 	P

T1	  	CommitTx 	 
T2	  	ReadTx 	 2:-1:235  	 ReadLock 	 Granted 	P

T2	  	CommitTx 	 
T3	  	ReadTx 	 2:-2:456  	 ReadLock 	 Granted 	P
T3	  	ReadTx 	 3:-1:456  	 ReadLock 	 Granted 	P
T3	  	ReadTx 	 4:-1:456  	 ReadLock 	 Granted 	P

T3	  	CommitTx 	 
T1	R 	BeginTx
---------------------------------------------------------------
TxId	Txtype	Operation	ObId:Obvalue:optime	LockType	Status		TxStatus
T1	R 	BeginTx
T1	  	ReadTx 	 1:-1:277  	 ReadLock 	 Granted 	P
T2	R 	BeginTx
T2	  	ReadTx 	 1:-2:235  	 ReadLock 	 Granted 	P

T1	  	CommitTx 	 
T2	  	ReadTx 	 2:-1:235  	 ReadLock 	 Granted 	P
T3	W 	BeginTx

T2	  	CommitTx 	 
T3	  	ReadTx 	 2:-2:456  	 ReadLock 	 Granted 	P
T3	  	ReadTx 	 3:-1:456  	 ReadLock 	 Granted 	P
T3	  	ReadTx 	 4:-1:456  	 ReadLock 	 Granted 	P

T3	  	CommitTx 	 
---------------------------------------------------------------
TxId	Txtype	Operation	ObId:Obvalue:optime	LockType	Status		TxStatus
T1	R 	BeginTx
T1	  	ReadTx 	 1:-1:277  	 ReadLock 	 Granted 	P
T2	R 	BeginTx
T2	  	ReadTx 	 1:-2:235  	 ReadLock 	 Granted 	P

T1	  	CommitTx 	 
T2	  	ReadTx 	 2:-1:235  	 ReadLock 	 Granted 	P
T3	W 	BeginTx

T2	  	CommitTx 	 
T3	  	ReadTx 	 2:-2:456  	 ReadLock 	 Granted 	P
T3	  	ReadTx 	 3:-1:456  	 ReadLock 	 Granted 	P
T3	  	ReadTx 	 4:-1:456  	 ReadLock 	 Granted 	P

T3	  	CommitTx 	 
---------------------------------------------------------------
TxId	Txtype	Operation	ObId:Obvalue:optime	LockType	Status		TxStatus
T1	R 	BeginTx
T1	  	ReadTx 	 1:-1:277  	 ReadLock 	 Granted 	P
T2	R 	BeginTx
T2	  	ReadTx 	 1:-2:235  	 ReadLock 	 Granted 	P

T1	  	CommitTx 	 
T2	  	ReadTx 	 2:-1:235  	 ReadLock 	 Granted 	P
T3	W 	BeginTx

T2	  	CommitTx 	 
T3	  	ReadTx 	 2:-2:456  	 ReadLock 	 Granted 	P
T3	  	ReadTx 	 3:-1:456  	 ReadLock 	 Granted 	P
T3	  	ReadTx 	 4:-1:456  	 ReadLock 	 Granted 	P

T3	  	CommitTx 	 
---------------------------------------------------------------
TxId	Txtype	Operation	ObId:Obvalue:optime	LockType	Status		TxStatus
T1	R 	BeginTx
T1	  	ReadTx 	 1:-1:277  	 ReadLock 	 Granted 	P
T2	R 	BeginTx
T2	  	ReadTx 	 1:-2:235  	 ReadLock 	 Granted 	P

T1	  	CommitTx 	 
T3	W 	BeginTx
T2	  	ReadTx 	 2:-1:235  	 ReadLock 	 Granted 	P

T2	  	CommitTx 	 
T3	  	ReadTx 	 2:-2:456  	 ReadLock 	 Granted 	P
T3	  	ReadTx 	 3:-1:456  	 ReadLock 	 Granted 	P
T3	  	ReadTx 	 4:-1:456  	 ReadLock 	 Granted 	P

T3	  	CommitTx 	 
---------------------------------------------------------------
TxId	Txtype	Operation	ObId:Obvalue:optime	LockType	Status		TxStatus
T1	R 	BeginTx
T2	R 	BeginTx
T3	W 	BeginTx
T1	  	ReadTx 	 1:-1:277  	 ReadLock 	 Granted 	P
T2	  	ReadTx 	 1:-2:235  	 ReadLock 	 Granted 	P

T1	  	CommitTx 	 
T3	  	ReadTx 	 2:-1:456  	 ReadLock 	 Granted 	P
T3	  	ReadTx 	 3:-1:456  	 ReadLock 	 Granted 	P
T3	  	ReadTx 	 4:-1:456  	 ReadLock 	 Granted 	P

T3	  	CommitTx 	 
T2	  	ReadTx 	 2:-2:235  	 ReadLock 	 Granted 	P

T2	  	CommitTx 	 
---------------------------------------------------------------
TxId	Txtype	Operation	ObId:Obvalue:optime	LockType	Status		TxStatus
T2	R 	BeginTx
T2	  	ReadTx 	 1:-1:235  	 ReadLock 	 Granted 	P
T1	R 	BeginTx
T1	  	ReadTx 	 1:-2:277  	 ReadLock 	 Granted 	P

T1	  	CommitTx 	 
T2	  	ReadTx 	 2:-1:235  	 ReadLock 	 Granted 	P
T3	W 	BeginTx

T2	  	CommitTx 	 
T3	  	ReadTx 	 2:-2:456  	 ReadLock 	 Granted 	P
T3	  	ReadTx 	 3:-1:456  	 ReadLock 	 Granted 	P
T3	  	ReadTx 	 4:-1:456  	 ReadLock 	 Granted 	P

T3	  	CommitTx 	 
---------------------------------------------------------------
TxId	Txtype	Operation	ObId:Obvalue:optime	LockType	Status		TxStatus
T1	R 	BeginTx
T1	  	ReadTx 	 1:-1:277  	 ReadLock 	 Granted 	P
T2	R 	BeginTx
T2	  	ReadTx 	 1:-2:235  	 ReadLock 	 Granted 	P

T1	  	CommitTx 	 
T2	  	ReadTx 	 2:-1:235  	 ReadLock 	 Granted 	P
T3	W 	BeginTx

T2	  	CommitTx 	 
T3	  	ReadTx 	 2:-2:456  	 ReadLock 	 Granted 	P
T3	  	ReadTx 	 3:-1:456  	 ReadLock 	 Granted 	P
T3	  	ReadTx 	 4:-1:456  	 ReadLock 	 Granted 	P

T3	  	CommitTx 	 
---------------------------------------------------------------
TxId	Txtype	Operation	ObId:Obvalue:optime	LockType	Status		TxStatus
T1	R 	BeginTx
T1	  	ReadTx 	 1:-1:277  	 ReadLock 	 Granted 	P
T2	R 	BeginTx
T2	  	ReadTx 	 1:-2:235  	 ReadLock 	 Granted 	P

T1	  	CommitTx 	 
T2	  	ReadTx 	 2:-1:235  	 ReadLock 	 Granted 	P
T3	W 	BeginTx

T2	  	CommitTx 	 
T3	  	ReadTx 	 2:-2:456  	 ReadLock 	 Granted 	P
T3	  	ReadTx 	 3:-1:456  	 ReadLock 	 Granted 	P
T3	  	ReadTx 	 4:-1:456  	 ReadLock 	 Granted 	P

T3	  	CommitTx 	 
---------------------------------------------------------------
TxId	Txtype	Operation	ObId:Obvalue:optime	LockType	Status		TxStatus
T1	R 	BeginTx
T1	  	ReadTx 	 1:-1:277  	 ReadLock 	 Granted 	P
T2	R 	BeginTx
T2	  	ReadTx 	 1:-2:235  	 ReadLock 	 Granted 	P

T1	  	CommitTx 	 
T2	  	ReadTx 	 2:-1:235  	 ReadLock 	 Granted 	P

T2	  	CommitTx 	 
T3	W 	BeginTx
T3	  	ReadTx 	 2:-2:456  	 ReadLock 	 Granted 	P
T3	  	ReadTx 	 3:-1:456  	 ReadLock 	 Granted 	P
T3	  	ReadTx 	 4:-1:456  	 ReadLock 	 Granted 	P

T3	  	CommitTx 	 
---------------------------------------------------------------
TxId	Txtype	Operation	ObId:Obvalue:optime	LockType	Status		TxStatus
T1	R 	BeginTx
T1	  	ReadTx 	 1:-1:277  	 ReadLock 	 Granted 	P
T3	W 	BeginTx
T2	R 	BeginTx

T1	  	CommitTx 	 
T3	  	ReadTx 	 2:-1:456  	 ReadLock 	 Granted 	P
T2	  	ReadTx 	 1:-2:235  	 ReadLock 	 Granted 	P
T3	  	ReadTx 	 3:-1:456  	 ReadLock 	 Granted 	P
T3	  	ReadTx 	 4:-1:456  	 ReadLock 	 Granted 	P

T3	  	CommitTx 	 
T2	  	ReadTx 	 2:-2:235  	 ReadLock 	 Granted 	P

T2	  	CommitTx 	 
---------------------------------------------------------------
TxId	Txtype	Operation	ObId:Obvalue:optime	LockType	Status		TxStatus
T2	R 	BeginTx
T3	W 	BeginTx
T1	  	ReadTx 	 1:-1:277  	 ReadLock 	 Granted 	P
T2	  	ReadTx 	 1:-2:235  	 ReadLock 	 Granted 	P

T1	  	CommitTx 	 
T2	  	ReadTx 	 2:-1:235  	 ReadLock 	 Granted 	P

T2	  	CommitTx 	 
T3	  	ReadTx 	 2:-2:456  	 ReadLock 	 Granted 	P
T3	  	ReadTx 	 3:-1:456  	 ReadLock 	 Granted 	P
T3	  	ReadTx 	 4:-1:456  	 ReadLock 	 Granted 	P

T3	  	CommitTx 	 
T1	R 	BeginTx
---------------------------------------------------------------
TxId	Txtype	Operation	ObId:Obvalue:optime	LockType	Status		TxStatus
T1	R 	BeginTx
T3	W 	BeginTx
T2	R 	BeginTx
T1	  	ReadTx 	 1:-1:277  	 ReadLock 	 Granted 	P

T1	  	CommitTx 	 
T2	  	ReadTx 	 1:-2:235  	 ReadLock 	 Granted 	P
T3	  	ReadTx 	 2:-1:456  	 ReadLock 	 Granted 	P
T3	  	ReadTx 	 3:-1:456  	 ReadLock 	 Granted 	P
T3	  	ReadTx 	 4:-1:456  	 ReadLock 	 Granted 	P

T3	  	CommitTx 	 
T2	  	ReadTx 	 2:-2:235  	 ReadLock 	 Granted 	P

T2	  	CommitTx 	 
---------------------------------------------------------------
TxId	Txtype	Operation	ObId:Obvalue:optime	LockType	Status		TxStatus
T1	R 	BeginTx
T1	  	ReadTx 	 1:-1:277  	 ReadLock 	 Granted 	P
T2	R 	BeginTx
T2	  	ReadTx 	 1:-2:235  	 ReadLock 	 Granted 	P

T1	  	CommitTx 	 
T2	  	ReadTx 	 2:-1:235  	 ReadLock 	 Granted 	P
T3	W 	BeginTx

T2	  	CommitTx 	 
T3	  	ReadTx 	 2:-2:456  	 ReadLock 	 Granted 	P
T3	  	ReadTx 	 3:-1:456  	 ReadLock 	 Granted 	P
T3	  	ReadTx 	 4:-1:456  	 ReadLock 	 Granted 	P

T3	  	CommitTx 	 
---------------------------------------------------------------
TxId	Txtype	Operation	ObId:Obvalue:optime	LockType	Status		TxStatus
T2	R 	BeginTx
T3	W 	BeginTx
T2	  	ReadTx 	 1:-1:235  	 ReadLock 	 Granted 	P
T1	  	ReadTx 	 1:-2:277  	 ReadLock 	 Granted 	P

T1	  	CommitTx 	 
T3	  	ReadTx 	 2:-1:456  	 ReadLock 	 Granted 	P
T3	  	ReadTx 	 3:-1:456  	 ReadLock 	 Granted 	P
T3	  	ReadTx 	 4:-1:456  	 ReadLock 	 Granted 	P

T3	  	CommitTx 	 
T2	  	ReadTx 	 2:-2:235  	 ReadLock 	 Granted 	P

T2	  	CommitTx 	 
T1	R 	BeginTx
---------------------------------------------------------------
TxId	Txtype	Operation	ObId:Obvalue:optime	LockType	Status		TxStatus
T1	R 	BeginTx
T2	R 	BeginTx
T1	  	ReadTx 	 1:-1:277  	 ReadLock 	 Granted 	P
T2	  	ReadTx 	 1:-2:235  	 ReadLock 	 Granted 	P

T1	  	CommitTx 	 
T3	W 	BeginTx
T3	  	ReadTx 	 2:-1:456  	 ReadLock 	 Granted 	P
T3	  	ReadTx 	 3:-1:456  	 ReadLock 	 Granted 	P
T3	  	ReadTx 	 4:-1:456  	 ReadLock 	 Granted 	P

T3	  	CommitTx 	 
T2	  	ReadTx 	 2:-2:235  	 ReadLock 	 Granted 	P

T2	  	CommitTx 	 
---------------------------------------------------------------
TxId	Txtype	Operation	ObId:Obvalue:optime	LockType	Status		TxStatus
T1	R 	BeginTx
T1	  	ReadTx 	 1:-1:277  	 ReadLock 	 Granted 	P
T2	R 	BeginTx
T2	  	ReadTx 	 1:-2:235  	 ReadLock 	 Granted 	P

T1	  	CommitTx 	 
T2	  	ReadTx 	 2:-1:235  	 ReadLock 	 Granted 	P

T2	  	CommitTx 	 
T3	W 	BeginTx
T3	  	ReadTx 	 2:-2:456  	 ReadLock 	 Granted 	P
T3	  	ReadTx 	 3:-1:456  	 ReadLock 	 Granted 	P
T3	  	ReadTx 	 4:-1:456  	 ReadLock 	 Granted 	P

T3	  	CommitTx 	 
---------------------------------------------------------------
TxId	Txtype	Operation	ObId:Obvalue:optime	LockType	Status		TxStatus
T1	R 	BeginTx
T1	  	ReadTx 	 1:-1:277  	 ReadLock 	 Granted 	P
T2	R 	BeginTx
T2	  	ReadTx 	 1:-2:235  	 ReadLock 	 Granted 	P

T1	  	CommitTx 	 
T2	  	ReadTx 	 2:-1:235  	 ReadLock 	 Granted 	P
T3	W 	BeginTx

T2	  	CommitTx 	 
T3	  	ReadTx 	 2:-2:456  	 ReadLock 	 Granted 	P
T3	  	ReadTx 	 3:-1:456  	 ReadLock 	 Granted 	P
T3	  	ReadTx 	 4:-1:456  	 ReadLock 	 Granted 	P

T3	  	CommitTx 	 
---------------------------------------------------------------
TxId	Txtype	Operation	ObId:Obvalue:optime	LockType	Status		TxStatus
T1	R 	BeginTx
T1	  	ReadTx 	 1:-1:277  	 ReadLock 	 Granted 	P
T2	R 	BeginTx
T2	  	ReadTx 	 1:-2:235  	 ReadLock 	 Granted 	P

T1	  	CommitTx 	 
T2	  	ReadTx 	 2:-1:235  	 ReadLock 	 Granted 	P
T3	W 	BeginTx

T2	  	CommitTx 	 
T3	  	ReadTx 	 2:-2:456  	 ReadLock 	 Granted 	P
T3	  	ReadTx 	 3:-1:456  	 ReadLock 	 Granted 	P
T3	  	ReadTx 	 4:-1:456  	 ReadLock 	 Granted 	P

T3	  	CommitTx 	 
---------------------------------------------------------------
TxId	Txtype	Operation	ObId:Obvalue:optime	LockType	Status		TxStatus
T1	R 	BeginTx
T2	R 	BeginTx
T1	  	ReadTx 	 1:-1:277  	 ReadLock 	 Granted 	P

T1	  	CommitTx 	 
T2	  	ReadTx 	 1:-2:235  	 ReadLock 	 Granted 	P
T2	  	ReadTx 	 2:-1:235  	 ReadLock 	 Granted 	P
T3	W 	BeginTx

T2	  	CommitTx 	 
T3	  	ReadTx 	 2:-2:456  	 ReadLock 	 Granted 	P
T3	  	ReadTx 	 3:-1:456  	 ReadLock 	 Granted 	P
T3	  	ReadTx 	 4:-1:456  	 ReadLock 	 Granted 	P

T3	  	CommitTx 	 
---------------------------------------------------------------
TxId	Txtype	Operation	ObId:Obvalue:optime	LockType	Status		TxStatus
T1	R 	BeginTx
T1	  	ReadTx 	 1:-1:277  	 ReadLock 	 Granted 	P
T2	R 	BeginTx
T2	  	ReadTx 	 1:-2:235  	 ReadLock 	 Granted 	P

T1	  	CommitTx 	 
T2	  	ReadTx 	 2:-1:235  	 ReadLock 	 Granted 	P
T3	W 	BeginTx

T2	  	CommitTx 	 
T3	  	ReadTx 	 2:-2:456  	 ReadLock 	 Granted 	P
T3	  	ReadTx 	 3:-1:456  	 ReadLock 	 Granted 	P
T3	  	ReadTx 	 4:-1:456  	 ReadLock 	 Granted 	P

T3	  	CommitTx 	 
---------------------------------------------------------------
TxId	Txtype	Operation	ObId:Obvalue:optime	LockType	Status		TxStatus
T2	R 	BeginTx
T1	  	ReadTx 	 1:-1:277  	 ReadLock 	 Granted 	P
T2	  	ReadTx 	 1:-2:235  	 ReadLock 	 Granted 	P

T1	  	CommitTx 	 
T2	  	ReadTx 	 2:-1:235  	 ReadLock 	 Granted 	P
T3	W 	BeginTx

T2	  	CommitTx 	 
T3	  	ReadTx 	 2:-2:456  	 ReadLock 	 Granted 	P
T3	  	ReadTx 	 3:-1:456  	 ReadLock 	 Granted 	P
T3	  	ReadTx 	 4:-1:456  	 ReadLock 	 Granted 	P

T3	  	CommitTx 	 
T1	R 	BeginTx
---------------------------------------------------------------
TxId	Txtype	Operation	ObId:Obvalue:optime	LockType	Status		TxStatus
T1	R 	BeginTx
T1	  	ReadTx 	 1:-1:277  	 ReadLock 	 Granted 	P
T2	R 	BeginTx
T2	  	ReadTx 	 1:-2:235  	 ReadLock 	 Granted 	P

T1	  	CommitTx 	 
T2	  	ReadTx 	 2:-1:235  	 ReadLock 	 Granted 	P
T3	W 	BeginTx

T2	  	CommitTx 	 
T3	  	ReadTx 	 2:-2:456  	 ReadLock 	 Granted 	P
T3	  	ReadTx 	 3:-1:456  	 ReadLock 	 Granted 	P
T3	  	ReadTx 	 4:-1:456  	 ReadLock 	 Granted 	P

T3	  	CommitTx 	 
---------------------------------------------------------------
TxId	Txtype	Operation	ObId:Obvalue:optime	LockType	Status		TxStatus
T1	R 	BeginTx
T3	W 	BeginTx
T2	R 	BeginTx
T1	  	ReadTx 	 1:-1:277  	 ReadLock 	 Granted 	P

T1	  	CommitTx 	 
T2	  	ReadTx 	 1:-2:235  	 ReadLock 	 Granted 	P
T3	  	ReadTx 	 2:-1:456  	 ReadLock 	 Granted 	P
T3	  	ReadTx 	 3:-1:456  	 ReadLock 	 Granted 	P
T3	  	ReadTx 	 4:-1:456  	 ReadLock 	 Granted 	P

T3	  	CommitTx 	 
T2	  	ReadTx 	 2:-2:235  	 ReadLock 	 Granted 	P

T2	  	CommitTx 	 
---------------------------------------------------------------
TxId	Txtype	Operation	ObId:Obvalue:optime	LockType	Status		TxStatus
T1	R 	BeginTx
T1	  	ReadTx 	 1:-1:277  	 ReadLock 	 Granted 	P
T2	R 	BeginTx
T2	  	ReadTx 	 1:-2:235  	 ReadLock 	 Granted 	P

T1	  	CommitTx 	 
T2	  	ReadTx 	 2:-1:235  	 ReadLock 	 Granted 	P
T3	W 	BeginTx

T2	  	CommitTx 	 
T3	  	ReadTx 	 2:-2:456  	 ReadLock 	 Granted 	P
T3	  	ReadTx 	 3:-1:456  	 ReadLock 	 Granted 	P
T3	  	ReadTx 	 4:-1:456  	 ReadLock 	 Granted 	P

T3	  	CommitTx 	 
---------------------------------------------------------------
TxId	Txtype	Operation	ObId:Obvalue:optime	LockType	Status		TxStatus
T1	R 	BeginTx
T2	R 	BeginTx
T1	  	ReadTx 	 1:-1:277  	 ReadLock 	 Granted 	P
T3	W 	BeginTx
